<?xml version="1.0" encoding="UTF-8"?>
<!-- Generated by org.testng.reporters.JUnitXMLReporter -->
<testsuite ignored="7" hostname="HENRY-PC" failures="0" tests="1" name="Default test" time="0.072" errors="0" timestamp="2024-09-23T06:05:28 BST">
  <testcase classname="testbase.Baseclass" name="@BeforeClass setup" time="-1.727067928137E9">
    <failure type="org.testng.TestNGException" message="
Parameter &amp;apos;browser&amp;apos; is required by BeforeClass on method setup but has not been marked @Optional or defined
in C:\Users\henry\AppData\Local\Temp\testng-eclipse--756023521\testng-customsuite.xml">
      <![CDATA[org.testng.TestNGException: 
Parameter 'browser' is required by BeforeClass on method setup but has not been marked @Optional or defined
in C:\Users\henry\AppData\Local\Temp\testng-eclipse--756023521\testng-customsuite.xml
at org.testng.internal.Parameters.createParams(Parameters.java:267)
at org.testng.internal.Parameters.createParametersForMethod(Parameters.java:355)
at org.testng.internal.Parameters.createParameters(Parameters.java:684)
at org.testng.internal.Parameters.createConfigurationParameters(Parameters.java:166)
at org.testng.internal.invokers.ConfigInvoker.invokeConfigurations(ConfigInvoker.java:277)
at org.testng.internal.invokers.TestMethodWorker.invokeBeforeClassMethods(TestMethodWorker.java:180)
at org.testng.internal.invokers.TestMethodWorker.run(TestMethodWorker.java:122)
at java.base/java.util.ArrayList.forEach(ArrayList.java:1597)
at org.testng.TestRunner.privateRun(TestRunner.java:829)
at org.testng.TestRunner.run(TestRunner.java:602)
at org.testng.SuiteRunner.runTest(SuiteRunner.java:437)
at org.testng.SuiteRunner.runSequentially(SuiteRunner.java:431)
at org.testng.SuiteRunner.privateRun(SuiteRunner.java:391)
at org.testng.SuiteRunner.run(SuiteRunner.java:330)
at org.testng.SuiteRunnerWorker.runSuite(SuiteRunnerWorker.java:52)
at org.testng.SuiteRunnerWorker.run(SuiteRunnerWorker.java:95)
at org.testng.TestNG.runSuitesSequentially(TestNG.java:1256)
at org.testng.TestNG.runSuitesLocally(TestNG.java:1176)
at org.testng.TestNG.runSuites(TestNG.java:1099)
at org.testng.TestNG.run(TestNG.java:1067)
at org.testng.remote.AbstractRemoteTestNG.run(AbstractRemoteTestNG.java:115)
at org.testng.remote.RemoteTestNG.initAndRun(RemoteTestNG.java:293)
at org.testng.remote.RemoteTestNG.main(RemoteTestNG.java:91)
]]>
    </failure>
  </testcase> <!-- @BeforeClass setup -->
  <testcase classname="testbase.Baseclass" name="@AfterClass tearDown" time="0.0">
    <skipped/>
  </testcase> <!-- @AfterClass tearDown -->
  <testcase classname="testcases.CartPageTest" name="Verify_Presence_Of_Item_in_Cart_When_User_Logout_And_Login_Again" time="0.0">
    <skipped/>
  </testcase> <!-- Verify_Presence_Of_Item_in_Cart_When_User_Logout_And_Login_Again -->
  <testcase classname="testcases.CartPageTest" name="Verify_Total_Amount_Of_Item_In_The_Cart" time="0.0">
    <ignored/>
  </testcase> <!-- Verify_Total_Amount_Of_Item_In_The_Cart -->
  <testcase classname="testcases.CartPageTest" name="Verify_User_Can_Increase_Product_Quantity" time="0.0">
    <ignored/>
  </testcase> <!-- Verify_User_Can_Increase_Product_Quantity -->
  <testcase classname="testcases.CartPageTest" name="Verify_Adding_Product_To_Cart" time="0.0">
    <ignored/>
  </testcase> <!-- Verify_Adding_Product_To_Cart -->
  <testcase classname="testcases.CartPageTest" name="Verify_User_Cannot_Add_Item_Beyond_Certain_Limit" time="0.0">
    <ignored/>
  </testcase> <!-- Verify_User_Cannot_Add_Item_Beyond_Certain_Limit -->
  <testcase classname="testcases.CartPageTest" name="Verify_User_Can_Remove_Item_From_Cart" time="0.0">
    <ignored/>
  </testcase> <!-- Verify_User_Can_Remove_Item_From_Cart -->
  <testcase classname="testcases.CartPageTest" name="Verify_Inclusion_Of_VAT_And_Shippingcharges_In_Total_Amount" time="0.0">
    <ignored/>
  </testcase> <!-- Verify_Inclusion_Of_VAT_And_Shippingcharges_In_Total_Amount -->
  <testcase classname="testcases.CartPageTest" name="Verify_User_Continues_Shopping_After_Adding_Product_To_Cart" time="0.0">
    <ignored/>
  </testcase> <!-- Verify_User_Continues_Shopping_After_Adding_Product_To_Cart -->
</testsuite> <!-- Default test -->
